Build started 31.05.2018 11:58:18.
     1>Project "C:\Projects\cpp\Sample\Sample\Sample.vcxproj" on node 2 (Build target(s)).
     1>CustomBuild:
         Moc'ing sample.h...
         Uic'ing sample.ui...
         Rcc'ing sample.qrc...
     1>RCC : warning : No resources in 'C:\Projects\cpp\Sample\Sample\sample.qrc'.
         
       ClCompile:
         C:\Program Files (x86)\Microsoft Visual Studio 11.0\VC\bin\CL.exe /c /I.\GeneratedFiles /I. /IC:\Qt\Qt5.3.0\5.3\msvc2012_opengl\include /I.\GeneratedFiles\Debug /IC:\Qt\Qt5.3.0\5.3\msvc2012_opengl\include\QtCore /IC:\Qt\Qt5.3.0\5.3\msvc2012_opengl\include\QtGui /IC:\Qt\Qt5.3.0\5.3\msvc2012_opengl\include\QtWidgets /Zi /nologo /W1 /WX- /Od /Oy- /D "UNICODE" /D "WIN32" /D "WIN64" /D QT_DLL /D "QT_CORE_LIB" /D "QT_GUI_LIB" /D "QT_WIDGETS_LIB" /Gm- /EHsc /MDd /GS /fp:precise /Zc:wchar_t /Zc:forScope /Fo"Debug\\" /Fd"Debug\vc110.pdb" /Gd /TP /analyze- /errorReport:prompt GeneratedFiles\Debug\moc_sample.cpp main.cpp sample.cpp
         moc_sample.cpp
         main.cpp
         sample.cpp
         Generating Code...
         C:\Program Files (x86)\Microsoft Visual Studio 11.0\VC\bin\CL.exe /c /I.\GeneratedFiles /I. /IC:\Qt\Qt5.3.0\5.3\msvc2012_opengl\include /I.\GeneratedFiles\Debug /IC:\Qt\Qt5.3.0\5.3\msvc2012_opengl\include\QtCore /IC:\Qt\Qt5.3.0\5.3\msvc2012_opengl\include\QtGui /IC:\Qt\Qt5.3.0\5.3\msvc2012_opengl\include\QtWidgets /Zi /nologo /W1 /WX- /Od /Oy- /D "UNICODE" /D "WIN32" /D "WIN64" /D QT_DLL /D "QT_CORE_LIB" /D "QT_GUI_LIB" /D "QT_WIDGETS_LIB" /Gm- /EHsc /MDd /GS /fp:precise /Zc:wchar_t /Zc:forScope /Fo"Debug\\" /Fd"Debug\vc110.pdb" /Gd /TP /analyze- /errorReport:prompt GeneratedFiles\qrc_sample.cpp
         qrc_sample.cpp
       Link:
         C:\Program Files (x86)\Microsoft Visual Studio 11.0\VC\bin\link.exe /ERRORREPORT:PROMPT /OUT:"C:\Projects\cpp\Sample\Win32\Debug\\Sample.exe" /NOLOGO /LIBPATH:C:\Qt\Qt5.3.0\5.3\msvc2012_opengl\lib qtmaind.lib Qt5Cored.lib Qt5Guid.lib Qt5Widgetsd.lib kernel32.lib user32.lib gdi32.lib winspool.lib comdlg32.lib advapi32.lib shell32.lib ole32.lib oleaut32.lib uuid.lib odbc32.lib odbccp32.lib /MANIFEST /MANIFESTUAC:"level='asInvoker' uiAccess='false'" /manifest:embed /DEBUG /PDB:"C:\Projects\cpp\Sample\Win32\Debug\Sample.pdb" /SUBSYSTEM:WINDOWS /TLBID:1 /DYNAMICBASE /NXCOMPAT /IMPLIB:"C:\Projects\cpp\Sample\Win32\Debug\Sample.lib" /MACHINE:X86 /SAFESEH Debug\moc_sample.obj
         Debug\qrc_sample.obj
         Debug\main.obj
         Debug\sample.obj
         Sample.vcxproj -> C:\Projects\cpp\Sample\Win32\Debug\Sample.exe
     1>Done Building Project "C:\Projects\cpp\Sample\Sample\Sample.vcxproj" (Build target(s)).

Build succeeded.

Time Elapsed 00:00:03.29
