Build started 31.05.2018 11:58:23.
     1>Project "C:\Projects\cpp\Sample\Sample\Sample.vcxproj" on node 2 (Build target(s)).
     1>CustomBuild:
         Moc'ing sample.h...
         Uic'ing sample.ui...
         Rcc'ing sample.qrc...
     1>RCC : warning : No resources in 'C:\Projects\cpp\Sample\Sample\sample.qrc'.
         
       ClCompile:
         C:\Program Files (x86)\Microsoft Visual Studio 11.0\VC\bin\CL.exe /c /I.\GeneratedFiles /I. /IC:\Qt\Qt5.3.0\5.3\msvc2012_opengl\include /I.\GeneratedFiles\Release /IC:\Qt\Qt5.3.0\5.3\msvc2012_opengl\include\QtCore /IC:\Qt\Qt5.3.0\5.3\msvc2012_opengl\include\QtGui /IC:\Qt\Qt5.3.0\5.3\msvc2012_opengl\include\QtWidgets /nologo /W1 /WX- /O2 /Oy- /D "UNICODE" /D "WIN32" /D "WIN64" /D QT_DLL /D QT_NO_DEBUG /D NDEBUG /D "QT_CORE_LIB" /D "QT_GUI_LIB" /D "QT_WIDGETS_LIB" /Gm- /EHsc /MD /GS /fp:precise /Zc:wchar_t /Zc:forScope /Fo"Release\\" /Fd"Release\vc110.pdb" /Gd /TP /analyze- /errorReport:prompt GeneratedFiles\qrc_sample.cpp
         qrc_sample.cpp
         C:\Program Files (x86)\Microsoft Visual Studio 11.0\VC\bin\CL.exe /c /I.\GeneratedFiles /I. /IC:\Qt\Qt5.3.0\5.3\msvc2012_opengl\include /I.\GeneratedFiles\Release /IC:\Qt\Qt5.3.0\5.3\msvc2012_opengl\include\QtCore /IC:\Qt\Qt5.3.0\5.3\msvc2012_opengl\include\QtGui /IC:\Qt\Qt5.3.0\5.3\msvc2012_opengl\include\QtWidgets /nologo /W1 /WX- /O2 /Oy- /D "UNICODE" /D "WIN32" /D "WIN64" /D QT_DLL /D QT_NO_DEBUG /D NDEBUG /D "QT_CORE_LIB" /D "QT_GUI_LIB" /D "QT_WIDGETS_LIB" /Gm- /EHsc /MD /GS /fp:precise /Zc:wchar_t /Zc:forScope /Fo"Release\\" /Fd"Release\vc110.pdb" /Gd /TP /analyze- /errorReport:prompt GeneratedFiles\Release\moc_sample.cpp main.cpp sample.cpp
         moc_sample.cpp
         main.cpp
         sample.cpp
         Generating Code...
       Link:
         C:\Program Files (x86)\Microsoft Visual Studio 11.0\VC\bin\link.exe /ERRORREPORT:PROMPT /OUT:"C:\Projects\cpp\Sample\Win32\Release\\Sample.exe" /NOLOGO /LIBPATH:C:\Qt\Qt5.3.0\5.3\msvc2012_opengl\lib qtmain.lib Qt5Core.lib Qt5Gui.lib Qt5Widgets.lib kernel32.lib user32.lib gdi32.lib winspool.lib comdlg32.lib advapi32.lib shell32.lib ole32.lib oleaut32.lib uuid.lib odbc32.lib odbccp32.lib /MANIFEST /MANIFESTUAC:"level='asInvoker' uiAccess='false'" /manifest:embed /PDB:"C:\Projects\cpp\Sample\Win32\Release\Sample.pdb" /SUBSYSTEM:WINDOWS /TLBID:1 /DYNAMICBASE /NXCOMPAT /IMPLIB:"C:\Projects\cpp\Sample\Win32\Release\Sample.lib" /MACHINE:X86 /SAFESEH Release\qrc_sample.obj
         Release\moc_sample.obj
         Release\main.obj
         Release\sample.obj
         Sample.vcxproj -> C:\Projects\cpp\Sample\Win32\Release\Sample.exe
     1>Done Building Project "C:\Projects\cpp\Sample\Sample\Sample.vcxproj" (Build target(s)).

Build succeeded.

Time Elapsed 00:00:02.72
